<?xml version="1.0" encoding="UTF-8"?>
<!-- Generated by org.testng.reporters.JUnitReportReporter -->
<testsuite hostname="P2CLAP-DVQ3NF2" failures="0" tests="1" name="com.WalletHub.Assignment2" time="55.353" errors="0" timestamp="2020-01-14T21:40:09 IST" skipped="0">
  <testcase classname="com.WalletHub.Assignment2" name="function" time="55.353"/>
</testsuite> <!-- com.WalletHub.Assignment2 -->
