<?xml version="1.0" encoding="UTF-8"?>
<!-- Generated by org.testng.reporters.JUnitReportReporter -->
<testsuite hostname="P2CLAP-DVQ3NF2" failures="0" tests="1" name="com.WalletHub.ExcelDemo" time="10.364" errors="0" timestamp="2020-01-16T21:52:55 IST" skipped="0">
  <testcase classname="com.WalletHub.ExcelDemo" name="readexcel" time="10.364"/>
</testsuite> <!-- com.WalletHub.ExcelDemo -->
